<?xml version="1.0" encoding="UTF-8"?>
<!-- Generated by org.testng.reporters.JUnitXMLReporter -->
<testsuite ignored="0" hostname="VIJAYB-IN" failures="0" tests="5" name="Automation_Test" time="7.591" errors="0" timestamp="23 May 2021 07:39:13 GMT">
  <testcase classname="com.tests.LoginTest" name="Login_Test_TC1_2_3" time="1.093"/>
  <testcase classname="com.tests.LoginTest" name="Login_Test_TC8" time="0.261"/>
  <testcase classname="com.tests.LoginTest" name="Login_Test_TC4" time="0.375"/>
  <testcase classname="com.tests.LoginTest" name="Login_Test_TC9" time="0.227"/>
  <testcase classname="com.tests.LoginTest" name="Login_Test_TC16" time="0.573"/>
</testsuite> <!-- Automation_Test -->
