<?xml version="1.0" encoding="UTF-8"?>
<testng-results ignored="0" total="5" passed="5" failed="0" skipped="0">
  <reporter-output>
  </reporter-output>
  <suite started-at="2021-05-23T07:39:06Z" name="SwagLabs Automation Suite" finished-at="2021-05-23T07:39:13Z" duration-ms="7591">
    <groups>
    </groups>
    <test started-at="2021-05-23T07:39:06Z" name="Automation_Test" finished-at="2021-05-23T07:39:13Z" duration-ms="7591">
      <class name="com.tests.LoginTest">
        <test-method is-config="true" signature="initialization()[pri:0, instance:com.tests.LoginTest@68e5eea7]" started-at="2021-05-23T07:39:06Z" name="initialization" finished-at="2021-05-23T07:39:10Z" duration-ms="3887" status="PASS">
          <reporter-output>
          </reporter-output>
        </test-method> <!-- initialization -->
        <test-method signature="Login_Test_TC1_2_3(java.lang.String)[pri:0, instance:com.tests.LoginTest@68e5eea7]" started-at="2021-05-23T07:39:10Z" name="Login_Test_TC1_2_3" data-provider="loginUsername" finished-at="2021-05-23T07:39:11Z" duration-ms="1093" status="PASS">
          <params>
            <param index="0">
              <value>
                <![CDATA[standard_user]]>
              </value>
            </param>
          </params>
          <reporter-output>
          </reporter-output>
        </test-method> <!-- Login_Test_TC1_2_3 -->
        <test-method is-config="true" signature="tearDown(org.testng.ITestResult)[pri:0, instance:com.tests.LoginTest@68e5eea7]" started-at="2021-05-23T07:39:11Z" name="tearDown" finished-at="2021-05-23T07:39:11Z" duration-ms="1" status="PASS">
          <params>
            <param index="0">
              <value>
                <![CDATA[[TestResult name=Login_Test_TC1_2_3 status=SUCCESS method=LoginTest.Login_Test_TC1_2_3(java.lang.String)[pri:0, instance:com.tests.LoginTest@68e5eea7] output={null}]]]>
              </value>
            </param>
          </params>
          <reporter-output>
          </reporter-output>
        </test-method> <!-- tearDown -->
        <test-method signature="Login_Test_TC8()[pri:1, instance:com.tests.LoginTest@68e5eea7]" started-at="2021-05-23T07:39:11Z" name="Login_Test_TC8" finished-at="2021-05-23T07:39:11Z" duration-ms="261" status="PASS">
          <reporter-output>
          </reporter-output>
        </test-method> <!-- Login_Test_TC8 -->
        <test-method is-config="true" signature="tearDown(org.testng.ITestResult)[pri:0, instance:com.tests.LoginTest@68e5eea7]" started-at="2021-05-23T07:39:11Z" name="tearDown" finished-at="2021-05-23T07:39:11Z" duration-ms="0" status="PASS">
          <params>
            <param index="0">
              <value>
                <![CDATA[[TestResult name=Login_Test_TC8 status=SUCCESS method=LoginTest.Login_Test_TC8()[pri:1, instance:com.tests.LoginTest@68e5eea7] output={null}]]]>
              </value>
            </param>
          </params>
          <reporter-output>
          </reporter-output>
        </test-method> <!-- tearDown -->
        <test-method signature="Login_Test_TC4()[pri:2, instance:com.tests.LoginTest@68e5eea7]" started-at="2021-05-23T07:39:11Z" name="Login_Test_TC4" finished-at="2021-05-23T07:39:11Z" duration-ms="375" status="PASS">
          <reporter-output>
          </reporter-output>
        </test-method> <!-- Login_Test_TC4 -->
        <test-method signature="Login_Test_TC9()[pri:3, instance:com.tests.LoginTest@68e5eea7]" started-at="2021-05-23T07:39:11Z" name="Login_Test_TC9" finished-at="2021-05-23T07:39:12Z" duration-ms="227" status="PASS">
          <reporter-output>
          </reporter-output>
        </test-method> <!-- Login_Test_TC9 -->
        <test-method is-config="true" signature="tearDown(org.testng.ITestResult)[pri:0, instance:com.tests.LoginTest@68e5eea7]" started-at="2021-05-23T07:39:11Z" name="tearDown" finished-at="2021-05-23T07:39:11Z" duration-ms="0" status="PASS">
          <params>
            <param index="0">
              <value>
                <![CDATA[[TestResult name=Login_Test_TC4 status=SUCCESS method=LoginTest.Login_Test_TC4()[pri:2, instance:com.tests.LoginTest@68e5eea7] output={null}]]]>
              </value>
            </param>
          </params>
          <reporter-output>
          </reporter-output>
        </test-method> <!-- tearDown -->
        <test-method is-config="true" signature="tearDown(org.testng.ITestResult)[pri:0, instance:com.tests.LoginTest@68e5eea7]" started-at="2021-05-23T07:39:12Z" name="tearDown" finished-at="2021-05-23T07:39:12Z" duration-ms="0" status="PASS">
          <params>
            <param index="0">
              <value>
                <![CDATA[[TestResult name=Login_Test_TC9 status=SUCCESS method=LoginTest.Login_Test_TC9()[pri:3, instance:com.tests.LoginTest@68e5eea7] output={null}]]]>
              </value>
            </param>
          </params>
          <reporter-output>
          </reporter-output>
        </test-method> <!-- tearDown -->
        <test-method signature="Login_Test_TC16(java.lang.String)[pri:4, instance:com.tests.LoginTest@68e5eea7]" started-at="2021-05-23T07:39:12Z" name="Login_Test_TC16" data-provider="loginUsername" finished-at="2021-05-23T07:39:12Z" duration-ms="573" status="PASS">
          <params>
            <param index="0">
              <value>
                <![CDATA[standard_user]]>
              </value>
            </param>
          </params>
          <reporter-output>
          </reporter-output>
        </test-method> <!-- Login_Test_TC16 -->
        <test-method is-config="true" signature="tearDown(org.testng.ITestResult)[pri:0, instance:com.tests.LoginTest@68e5eea7]" started-at="2021-05-23T07:39:12Z" name="tearDown" finished-at="2021-05-23T07:39:12Z" duration-ms="0" status="PASS">
          <params>
            <param index="0">
              <value>
                <![CDATA[[TestResult name=Login_Test_TC16 status=SUCCESS method=LoginTest.Login_Test_TC16(java.lang.String)[pri:4, instance:com.tests.LoginTest@68e5eea7] output={null}]]]>
              </value>
            </param>
          </params>
          <reporter-output>
          </reporter-output>
        </test-method> <!-- tearDown -->
        <test-method is-config="true" signature="quit()[pri:0, instance:com.tests.LoginTest@68e5eea7]" started-at="2021-05-23T07:39:12Z" name="quit" finished-at="2021-05-23T07:39:13Z" duration-ms="1117" status="PASS">
          <reporter-output>
          </reporter-output>
        </test-method> <!-- quit -->
      </class> <!-- com.tests.LoginTest -->
    </test> <!-- Automation_Test -->
  </suite> <!-- SwagLabs Automation Suite -->
</testng-results>
